<?xml version="1.0" encoding="UTF-8"?>
<testsuite name="com.security.SecretKeyGeneratorTest" tests="1" skipped="0" failures="0" errors="0" timestamp="2024-09-23T07:32:36" hostname="ASUS-TUF-GAMING" time="0.06">
  <properties/>
  <testcase name="generateSecretKey()" classname="com.security.SecretKeyGeneratorTest" time="0.06"/>
  <system-out><![CDATA[
 Key = [CFF4AA0714D26E9EBDFA40A1D90BE8F04CBC773D55FF70C7D64B68C6C2BEB1A3452A6198E03F55AFD5207584D6E86BE34264EA68216EC12DC3C9624DB57AEFFC]
]]></system-out>
  <system-err><![CDATA[]]></system-err>
</testsuite>
