<?xml version="1.0" encoding="UTF-8"?>
<testsuite name="com.security.SecurityDemoApplicationTests" tests="1" skipped="0" failures="0" errors="0" timestamp="2024-09-20T11:18:16" hostname="ASUS-TUF-GAMING" time="0.393">
  <properties/>
  <testcase name="contextLoads()" classname="com.security.SecurityDemoApplicationTests" time="0.393"/>
  <system-out><![CDATA[15:18:11.558 [Test worker] INFO org.springframework.test.context.support.AnnotationConfigContextLoaderUtils -- Could not detect default configuration classes for test class [com.security.SecurityDemoApplicationTests]: SecurityDemoApplicationTests does not declare any static, non-private, non-final, nested classes annotated with @Configuration.
15:18:11.667 [Test worker] INFO org.springframework.boot.test.context.SpringBootTestContextBootstrapper -- Found @SpringBootConfiguration com.security.SecurityDemoApplication for test class com.security.SecurityDemoApplicationTests

  .   ____          _            __ _ _
 /\\ / ___'_ __ _ _(_)_ __  __ _ \ \ \ \
( ( )\___ | '_ | '_| | '_ \/ _` | \ \ \ \
 \\/  ___)| |_)| | | | | || (_| |  ) ) ) )
  '  |____| .__|_| |_|_| |_\__, | / / / /
 =========|_|==============|___/=/_/_/_/

 :: Spring Boot ::                (v3.3.3)

2024-09-20T15:18:12.064+04:00  INFO 18476 --- [security-demo] [    Test worker] c.security.SecurityDemoApplicationTests  : Starting SecurityDemoApplicationTests using Java 17.0.12 with PID 18476 (started by Nihad in C:\Users\Nihad\Desktop\Security-Demo)
2024-09-20T15:18:12.065+04:00  INFO 18476 --- [security-demo] [    Test worker] c.security.SecurityDemoApplicationTests  : No active profile set, falling back to 1 default profile: "default"
2024-09-20T15:18:12.706+04:00  INFO 18476 --- [security-demo] [    Test worker] .s.d.r.c.RepositoryConfigurationDelegate : Bootstrapping Spring Data JPA repositories in DEFAULT mode.
2024-09-20T15:18:12.766+04:00  INFO 18476 --- [security-demo] [    Test worker] .s.d.r.c.RepositoryConfigurationDelegate : Finished Spring Data repository scanning in 51 ms. Found 1 JPA repository interface.
2024-09-20T15:18:13.288+04:00  INFO 18476 --- [security-demo] [    Test worker] o.hibernate.jpa.internal.util.LogHelper  : HHH000204: Processing PersistenceUnitInfo [name: default]
2024-09-20T15:18:13.348+04:00  INFO 18476 --- [security-demo] [    Test worker] org.hibernate.Version                    : HHH000412: Hibernate ORM core version 6.5.2.Final
2024-09-20T15:18:13.383+04:00  INFO 18476 --- [security-demo] [    Test worker] o.h.c.internal.RegionFactoryInitiator    : HHH000026: Second-level cache disabled
2024-09-20T15:18:13.759+04:00  INFO 18476 --- [security-demo] [    Test worker] o.s.o.j.p.SpringPersistenceUnitInfo      : No LoadTimeWeaver setup: ignoring JPA class transformer
2024-09-20T15:18:13.786+04:00  INFO 18476 --- [security-demo] [    Test worker] com.zaxxer.hikari.HikariDataSource       : HikariPool-1 - Starting...
2024-09-20T15:18:13.955+04:00  INFO 18476 --- [security-demo] [    Test worker] com.zaxxer.hikari.pool.HikariPool        : HikariPool-1 - Added connection org.postgresql.jdbc.PgConnection@598778cc
2024-09-20T15:18:13.957+04:00  INFO 18476 --- [security-demo] [    Test worker] com.zaxxer.hikari.HikariDataSource       : HikariPool-1 - Start completed.
2024-09-20T15:18:13.994+04:00  WARN 18476 --- [security-demo] [    Test worker] org.hibernate.orm.deprecation            : HHH90000025: PostgreSQLDialect does not need to be specified explicitly using 'hibernate.dialect' (remove the property setting and it will be selected by default)
2024-09-20T15:18:14.842+04:00  INFO 18476 --- [security-demo] [    Test worker] o.h.e.t.j.p.i.JtaPlatformInitiator       : HHH000489: No JTA platform available (set 'hibernate.transaction.jta.platform' to enable JTA platform integration)
2024-09-20T15:18:14.875+04:00  INFO 18476 --- [security-demo] [    Test worker] j.LocalContainerEntityManagerFactoryBean : Initialized JPA EntityManagerFactory for persistence unit 'default'
2024-09-20T15:18:15.275+04:00  WARN 18476 --- [security-demo] [    Test worker] JpaBaseConfiguration$JpaWebConfiguration : spring.jpa.open-in-view is enabled by default. Therefore, database queries may be performed during view rendering. Explicitly configure spring.jpa.open-in-view to disable this warning
2024-09-20T15:18:15.316+04:00  INFO 18476 --- [security-demo] [    Test worker] eAuthenticationProviderManagerConfigurer : Global AuthenticationManager configured with AuthenticationProvider bean with name authenticationProvider
2024-09-20T15:18:15.317+04:00  WARN 18476 --- [security-demo] [    Test worker] r$InitializeUserDetailsManagerConfigurer : Global AuthenticationManager configured with an AuthenticationProvider bean. UserDetailsService beans will not be used for username/password login. Consider removing the AuthenticationProvider bean. Alternatively, consider using the UserDetailsService in a manually instantiated DaoAuthenticationProvider.
2024-09-20T15:18:16.269+04:00  INFO 18476 --- [security-demo] [    Test worker] c.security.SecurityDemoApplicationTests  : Started SecurityDemoApplicationTests in 4.447 seconds (process running for 5.527)
]]></system-out>
  <system-err><![CDATA[]]></system-err>
</testsuite>
